{
  "fio version" : "fio-2.9-3-gf1c4",
  "timestamp" : 1502934796,
  "time" : "Thu Aug 17 01:53:16 2017",
  "global options" : {
    "ioengine" : "libaio",
    "direct" : "1",
    "randrepeat" : "0",
    "rw" : "randrw"
  },
  "jobs" : [
    {
      "jobname" : "job 1",
      "groupid" : 0,
      "error" : 0,
      "eta" : 0,
      "elapsed" : 901,
      "job options" : {
        "filesize" : "3000G",
        "percentage_random" : "100",
        "iodepth" : "8",
        "rwmixread" : "70",
        "bs" : "4096",
        "ba" : "4096",
        "runtime" : "900",
        "filename" : "/dev/xvdi"
      },
      "read" : {
        "io_bytes" : 23153244,
        "bw" : 25725,
        "iops" : 6431.44,
        "runtime" : 900002,
        "total_ios" : 5788311,
        "short_ios" : 0,
        "drop_ios" : 0,
        "slat" : {
          "min" : 1,
          "max" : 114,
          "mean" : 5.94,
          "stddev" : 4.23
        },
        "clat" : {
          "min" : 167,
          "max" : 199484,
          "mean" : 664.68,
          "stddev" : 530.32,
          "percentile" : {
            "1.000000" : 221,
            "5.000000" : 266,
            "10.000000" : 374,
            "20.000000" : 516,
            "30.000000" : 588,
            "40.000000" : 644,
            "50.000000" : 684,
            "60.000000" : 732,
            "70.000000" : 764,
            "80.000000" : 804,
            "90.000000" : 860,
            "95.000000" : 892,
            "99.000000" : 996,
            "99.500000" : 1112,
            "99.900000" : 3696,
            "99.950000" : 5088,
            "99.990000" : 9408,
            "0.00" : 0,
            "0.00" : 0,
            "0.00" : 0
          },
          "bins" : {
            "0" : 0,
            "1" : 0,
            "2" : 0,
            "3" : 0,
            "4" : 0,
            "5" : 0,
            "6" : 0,
            "7" : 0,
            "8" : 0,
            "9" : 0,
            "10" : 0,
            "11" : 0,
            "12" : 0,
            "13" : 0,
            "14" : 0,
            "15" : 0,
            "16" : 0,
            "17" : 0,
            "18" : 0,
            "19" : 0,
            "20" : 0,
            "21" : 0,
            "22" : 0,
            "23" : 0,
            "24" : 0,
            "25" : 0,
            "26" : 0,
            "27" : 0,
            "28" : 0,
            "29" : 0,
            "30" : 0,
            "31" : 0,
            "32" : 0,
            "33" : 0,
            "34" : 0,
            "35" : 0,
            "36" : 0,
            "37" : 0,
            "38" : 0,
            "39" : 0,
            "40" : 0,
            "41" : 0,
            "42" : 0,
            "43" : 0,
            "44" : 0,
            "45" : 0,
            "46" : 0,
            "47" : 0,
            "48" : 0,
            "49" : 0,
            "50" : 0,
            "51" : 0,
            "52" : 0,
            "53" : 0,
            "54" : 0,
            "55" : 0,
            "56" : 0,
            "57" : 0,
            "58" : 0,
            "59" : 0,
            "60" : 0,
            "61" : 0,
            "62" : 0,
            "63" : 0,
            "64" : 0,
            "65" : 0,
            "66" : 0,
            "67" : 0,
            "68" : 0,
            "69" : 0,
            "70" : 0,
            "71" : 0,
            "72" : 0,
            "73" : 0,
            "74" : 0,
            "75" : 0,
            "76" : 0,
            "77" : 0,
            "78" : 0,
            "79" : 0,
            "80" : 0,
            "81" : 0,
            "82" : 0,
            "83" : 0,
            "84" : 0,
            "85" : 0,
            "86" : 0,
            "87" : 0,
            "88" : 0,
            "89" : 0,
            "90" : 0,
            "91" : 0,
            "92" : 0,
            "93" : 0,
            "94" : 0,
            "95" : 0,
            "96" : 0,
            "97" : 0,
            "98" : 0,
            "99" : 0,
            "100" : 0,
            "101" : 0,
            "102" : 0,
            "103" : 0,
            "104" : 0,
            "105" : 0,
            "106" : 0,
            "107" : 0,
            "108" : 0,
            "109" : 0,
            "110" : 0,
            "111" : 0,
            "112" : 0,
            "113" : 0,
            "114" : 0,
            "115" : 0,
            "116" : 0,
            "117" : 0,
            "118" : 0,
            "119" : 0,
            "120" : 0,
            "121" : 0,
            "122" : 0,
            "123" : 0,
            "124" : 0,
            "125" : 0,
            "126" : 0,
            "127" : 0,
            "128" : 0,
            "129" : 0,
            "130" : 0,
            "131" : 0,
            "132" : 0,
            "133" : 0,
            "134" : 0,
            "135" : 0,
            "136" : 0,
            "137" : 0,
            "138" : 0,
            "139" : 0,
            "140" : 0,
            "141" : 0,
            "142" : 0,
            "143" : 0,
            "144" : 0,
            "145" : 0,
            "146" : 0,
            "147" : 1,
            "148" : 2,
            "149" : 1,
            "150" : 6,
            "151" : 16,
            "152" : 9,
            "153" : 35,
            "154" : 51,
            "155" : 98,
            "156" : 157,
            "157" : 264,
            "158" : 417,
            "159" : 640,
            "160" : 886,
            "161" : 1214,
            "162" : 1583,
            "163" : 1961,
            "164" : 2402,
            "165" : 2836,
            "166" : 3328,
            "167" : 3660,
            "168" : 4287,
            "169" : 4782,
            "170" : 5481,
            "171" : 6037,
            "172" : 6452,
            "173" : 6975,
            "174" : 7599,
            "175" : 8132,
            "176" : 8509,
            "177" : 8748,
            "178" : 9137,
            "179" : 9579,
            "180" : 9655,
            "181" : 9920,
            "182" : 10150,
            "183" : 10252,
            "184" : 10430,
            "185" : 10602,
            "186" : 10605,
            "187" : 10608,
            "188" : 10539,
            "189" : 10523,
            "190" : 10629,
            "191" : 10357,
            "192" : 20379,
            "193" : 20708,
            "194" : 19339,
            "195" : 17932,
            "196" : 16627,
            "197" : 15663,
            "198" : 14523,
            "199" : 13604,
            "200" : 12939,
            "201" : 11853,
            "202" : 11033,
            "203" : 10786,
            "204" : 10537,
            "205" : 9970,
            "206" : 9917,
            "207" : 9779,
            "208" : 9716,
            "209" : 9490,
            "210" : 9242,
            "211" : 9051,
            "212" : 9051,
            "213" : 9532,
            "214" : 9062,
            "215" : 9151,
            "216" : 8965,
            "217" : 8976,
            "218" : 9029,
            "219" : 9303,
            "220" : 9439,
            "221" : 9658,
            "222" : 10009,
            "223" : 10433,
            "224" : 10752,
            "225" : 11337,
            "226" : 11489,
            "227" : 12399,
            "228" : 12723,
            "229" : 13274,
            "230" : 13865,
            "231" : 14287,
            "232" : 14520,
            "233" : 15028,
            "234" : 15295,
            "235" : 15424,
            "236" : 15608,
            "237" : 15792,
            "238" : 15730,
            "239" : 15819,
            "240" : 15909,
            "241" : 15863,
            "242" : 16047,
            "243" : 16288,
            "244" : 16635,
            "245" : 17202,
            "246" : 17392,
            "247" : 17831,
            "248" : 18347,
            "249" : 18992,
            "250" : 19647,
            "251" : 20548,
            "252" : 21345,
            "253" : 22359,
            "254" : 23204,
            "255" : 24160,
            "256" : 51434,
            "257" : 55991,
            "258" : 59561,
            "259" : 62731,
            "260" : 63537,
            "261" : 64135,
            "262" : 64150,
            "263" : 63540,
            "264" : 65371,
            "265" : 67569,
            "266" : 72444,
            "267" : 78869,
            "268" : 85526,
            "269" : 93789,
            "270" : 101610,
            "271" : 106526,
            "272" : 110624,
            "273" : 111230,
            "274" : 109096,
            "275" : 106857,
            "276" : 103841,
            "277" : 100538,
            "278" : 98753,
            "279" : 100152,
            "280" : 103544,
            "281" : 108807,
            "282" : 115975,
            "283" : 123739,
            "284" : 131444,
            "285" : 136128,
            "286" : 138427,
            "287" : 135479,
            "288" : 128867,
            "289" : 119411,
            "290" : 109148,
            "291" : 98847,
            "292" : 90647,
            "293" : 84569,
            "294" : 81018,
            "295" : 79552,
            "296" : 79141,
            "297" : 80910,
            "298" : 80742,
            "299" : 79401,
            "300" : 76953,
            "301" : 71626,
            "302" : 64050,
            "303" : 56191,
            "304" : 48019,
            "305" : 39397,
            "306" : 32003,
            "307" : 25486,
            "308" : 19888,
            "309" : 15615,
            "310" : 12314,
            "311" : 9696,
            "312" : 7768,
            "313" : 6355,
            "314" : 5243,
            "315" : 4398,
            "316" : 3898,
            "317" : 3348,
            "318" : 2927,
            "319" : 2742,
            "320" : 4769,
            "321" : 4000,
            "322" : 3240,
            "323" : 2575,
            "324" : 2164,
            "325" : 1662,
            "326" : 1311,
            "327" : 1117,
            "328" : 904,
            "329" : 776,
            "330" : 635,
            "331" : 644,
            "332" : 552,
            "333" : 526,
            "334" : 438,
            "335" : 395,
            "336" : 368,
            "337" : 350,
            "338" : 329,
            "339" : 294,
            "340" : 273,
            "341" : 255,
            "342" : 213,
            "343" : 197,
            "344" : 174,
            "345" : 193,
            "346" : 172,
            "347" : 174,
            "348" : 144,
            "349" : 157,
            "350" : 158,
            "351" : 146,
            "352" : 131,
            "353" : 141,
            "354" : 145,
            "355" : 117,
            "356" : 125,
            "357" : 134,
            "358" : 134,
            "359" : 110,
            "360" : 132,
            "361" : 140,
            "362" : 128,
            "363" : 100,
            "364" : 103,
            "365" : 113,
            "366" : 104,
            "367" : 123,
            "368" : 104,
            "369" : 118,
            "370" : 112,
            "371" : 110,
            "372" : 109,
            "373" : 112,
            "374" : 98,
            "375" : 115,
            "376" : 117,
            "377" : 121,
            "378" : 98,
            "379" : 84,
            "380" : 109,
            "381" : 117,
            "382" : 100,
            "383" : 99,
            "384" : 244,
            "385" : 207,
            "386" : 206,
            "387" : 180,
            "388" : 205,
            "389" : 213,
            "390" : 190,
            "391" : 194,
            "392" : 176,
            "393" : 198,
            "394" : 178,
            "395" : 199,
            "396" : 192,
            "397" : 163,
            "398" : 166,
            "399" : 179,
            "400" : 162,
            "401" : 153,
            "402" : 166,
            "403" : 168,
            "404" : 155,
            "405" : 139,
            "406" : 149,
            "407" : 173,
            "408" : 151,
            "409" : 150,
            "410" : 150,
            "411" : 168,
            "412" : 121,
            "413" : 138,
            "414" : 128,
            "415" : 145,
            "416" : 120,
            "417" : 130,
            "418" : 102,
            "419" : 126,
            "420" : 100,
            "421" : 106,
            "422" : 131,
            "423" : 111,
            "424" : 111,
            "425" : 90,
            "426" : 100,
            "427" : 113,
            "428" : 103,
            "429" : 104,
            "430" : 107,
            "431" : 114,
            "432" : 86,
            "433" : 79,
            "434" : 86,
            "435" : 82,
            "436" : 94,
            "437" : 92,
            "438" : 86,
            "439" : 74,
            "440" : 90,
            "441" : 98,
            "442" : 76,
            "443" : 68,
            "444" : 86,
            "445" : 80,
            "446" : 98,
            "447" : 83,
            "448" : 141,
            "449" : 134,
            "450" : 135,
            "451" : 138,
            "452" : 135,
            "453" : 125,
            "454" : 131,
            "455" : 126,
            "456" : 127,
            "457" : 109,
            "458" : 99,
            "459" : 106,
            "460" : 96,
            "461" : 103,
            "462" : 107,
            "463" : 90,
            "464" : 84,
            "465" : 105,
            "466" : 98,
            "467" : 84,
            "468" : 90,
            "469" : 68,
            "470" : 74,
            "471" : 74,
            "472" : 64,
            "473" : 66,
            "474" : 55,
            "475" : 55,
            "476" : 47,
            "477" : 43,
            "478" : 47,
            "479" : 46,
            "480" : 59,
            "481" : 44,
            "482" : 45,
            "483" : 56,
            "484" : 39,
            "485" : 32,
            "486" : 53,
            "487" : 39,
            "488" : 43,
            "489" : 27,
            "490" : 27,
            "491" : 34,
            "492" : 33,
            "493" : 37,
            "494" : 25,
            "495" : 24,
            "496" : 20,
            "497" : 25,
            "498" : 22,
            "499" : 28,
            "500" : 29,
            "501" : 22,
            "502" : 24,
            "503" : 17,
            "504" : 19,
            "505" : 20,
            "506" : 17,
            "507" : 11,
            "508" : 16,
            "509" : 18,
            "510" : 12,
            "511" : 13,
            "512" : 23,
            "513" : 32,
            "514" : 23,
            "515" : 27,
            "516" : 20,
            "517" : 22,
            "518" : 21,
            "519" : 17,
            "520" : 24,
            "521" : 22,
            "522" : 12,
            "523" : 11,
            "524" : 7,
            "525" : 6,
            "526" : 4,
            "527" : 8,
            "528" : 6,
            "529" : 3,
            "530" : 9,
            "531" : 7,
            "532" : 7,
            "533" : 6,
            "534" : 4,
            "535" : 10,
            "536" : 4,
            "537" : 4,
            "538" : 1,
            "539" : 0,
            "540" : 1,
            "541" : 5,
            "542" : 1,
            "543" : 3,
            "544" : 4,
            "545" : 5,
            "546" : 7,
            "547" : 4,
            "548" : 6,
            "549" : 6,
            "550" : 4,
            "551" : 6,
            "552" : 2,
            "553" : 3,
            "554" : 4,
            "555" : 2,
            "556" : 4,
            "557" : 3,
            "558" : 7,
            "559" : 2,
            "560" : 6,
            "561" : 6,
            "562" : 4,
            "563" : 4,
            "564" : 1,
            "565" : 3,
            "566" : 2,
            "567" : 1,
            "568" : 2,
            "569" : 1,
            "570" : 4,
            "571" : 3,
            "572" : 3,
            "573" : 3,
            "574" : 2,
            "575" : 2,
            "576" : 10,
            "577" : 6,
            "578" : 3,
            "579" : 4,
            "580" : 7,
            "581" : 10,
            "582" : 3,
            "583" : 4,
            "584" : 6,
            "585" : 1,
            "586" : 3,
            "587" : 3,
            "588" : 5,
            "589" : 9,
            "590" : 8,
            "591" : 2,
            "592" : 4,
            "593" : 2,
            "594" : 0,
            "595" : 1,
            "596" : 0,
            "597" : 0,
            "598" : 0,
            "599" : 0,
            "600" : 0,
            "601" : 0,
            "602" : 1,
            "603" : 0,
            "604" : 0,
            "605" : 0,
            "606" : 1,
            "607" : 1,
            "608" : 1,
            "609" : 2,
            "610" : 1,
            "611" : 0,
            "612" : 0,
            "613" : 0,
            "614" : 0,
            "615" : 0,
            "616" : 0,
            "617" : 0,
            "618" : 0,
            "619" : 1,
            "620" : 0,
            "621" : 0,
            "622" : 0,
            "623" : 0,
            "624" : 0,
            "625" : 0,
            "626" : 0,
            "627" : 0,
            "628" : 0,
            "629" : 0,
            "630" : 0,
            "631" : 0,
            "632" : 0,
            "633" : 0,
            "634" : 0,
            "635" : 0,
            "636" : 0,
            "637" : 0,
            "638" : 0,
            "639" : 0,
            "640" : 0,
            "641" : 0,
            "642" : 0,
            "643" : 0,
            "644" : 0,
            "645" : 0,
            "646" : 0,
            "647" : 0,
            "648" : 0,
            "649" : 1,
            "650" : 0,
            "651" : 0,
            "652" : 0,
            "653" : 1,
            "654" : 2,
            "655" : 0,
            "656" : 0,
            "657" : 2,
            "658" : 3,
            "659" : 1,
            "660" : 1,
            "661" : 2,
            "662" : 2,
            "663" : 2,
            "664" : 4,
            "665" : 6,
            "666" : 2,
            "667" : 3,
            "668" : 5,
            "669" : 3,
            "670" : 6,
            "671" : 5,
            "672" : 2,
            "673" : 5,
            "674" : 4,
            "675" : 6,
            "676" : 4,
            "677" : 8,
            "678" : 7,
            "679" : 6,
            "680" : 8,
            "681" : 11,
            "682" : 3,
            "683" : 4,
            "684" : 11,
            "685" : 11,
            "686" : 5,
            "687" : 12,
            "688" : 7,
            "689" : 4,
            "690" : 5,
            "691" : 4,
            "692" : 3,
            "693" : 1,
            "694" : 3,
            "695" : 1,
            "696" : 0,
            "697" : 0,
            "698" : 0,
            "699" : 0,
            "700" : 1,
            "701" : 0,
            "702" : 0,
            "703" : 0,
            "704" : 1,
            "705" : 0,
            "706" : 1,
            "707" : 0,
            "708" : 0,
            "709" : 0,
            "710" : 1,
            "711" : 1,
            "712" : 1,
            "713" : 1,
            "714" : 0,
            "715" : 0,
            "716" : 0,
            "717" : 0,
            "718" : 0,
            "719" : 0,
            "720" : 0,
            "721" : 0,
            "722" : 0,
            "723" : 0,
            "724" : 0,
            "725" : 0,
            "726" : 0,
            "727" : 0,
            "728" : 0,
            "729" : 0,
            "730" : 0,
            "731" : 0,
            "732" : 0,
            "733" : 0,
            "734" : 0,
            "735" : 0,
            "736" : 0,
            "737" : 0,
            "738" : 0,
            "739" : 0,
            "740" : 0,
            "741" : 0,
            "742" : 0,
            "743" : 0,
            "744" : 0,
            "745" : 0,
            "746" : 0,
            "747" : 1,
            "748" : 1,
            "749" : 2,
            "750" : 0,
            "751" : 0,
            "752" : 3,
            "753" : 0,
            "754" : 1,
            "755" : 2,
            "756" : 0,
            "757" : 0,
            "758" : 0,
            "759" : 1,
            "760" : 0,
            "761" : 2,
            "762" : 0,
            "763" : 1,
            "764" : 0,
            "765" : 1,
            "766" : 0,
            "767" : 2,
            "768" : 1,
            "769" : 0,
            "770" : 1,
            "771" : 1,
            "772" : 0,
            "773" : 1,
            "774" : 1,
            "775" : 1,
            "776" : 0,
            "777" : 0,
            "778" : 0,
            "779" : 0,
            "780" : 0,
            "781" : 0,
            "782" : 0,
            "783" : 0,
            "784" : 0,
            "785" : 0,
            "786" : 2,
            "787" : 0,
            "788" : 1,
            "789" : 0,
            "790" : 0,
            "791" : 0,
            "792" : 0,
            "793" : 0,
            "794" : 0,
            "795" : 0,
            "796" : 0,
            "797" : 0,
            "798" : 0,
            "799" : 1,
            "800" : 4,
            "801" : 1,
            "802" : 0,
            "803" : 0,
            "804" : 0,
            "805" : 0,
            "806" : 0,
            "807" : 0,
            "808" : 0,
            "809" : 0,
            "810" : 0,
            "811" : 0,
            "812" : 0,
            "813" : 0,
            "814" : 0,
            "815" : 0,
            "816" : 0,
            "817" : 0,
            "818" : 0,
            "819" : 0,
            "820" : 0,
            "821" : 0,
            "822" : 0,
            "823" : 0,
            "824" : 0,
            "825" : 0,
            "826" : 0,
            "827" : 0,
            "828" : 0,
            "829" : 0,
            "830" : 0,
            "831" : 0,
            "832" : 0,
            "833" : 0,
            "834" : 0,
            "835" : 0,
            "836" : 0,
            "837" : 0,
            "838" : 0,
            "839" : 0,
            "840" : 0,
            "841" : 0,
            "842" : 0,
            "843" : 0,
            "844" : 0,
            "845" : 0,
            "846" : 0,
            "847" : 0,
            "848" : 0,
            "849" : 0,
            "850" : 0,
            "851" : 0,
            "852" : 0,
            "853" : 0,
            "854" : 0,
            "855" : 0,
            "856" : 0,
            "857" : 0,
            "858" : 0,
            "859" : 0,
            "860" : 0,
            "861" : 0,
            "862" : 0,
            "863" : 0,
            "864" : 0,
            "865" : 0,
            "866" : 0,
            "867" : 0,
            "868" : 0,
            "869" : 0,
            "870" : 0,
            "871" : 0,
            "872" : 0,
            "873" : 0,
            "874" : 0,
            "875" : 0,
            "876" : 0,
            "877" : 0,
            "878" : 0,
            "879" : 0,
            "880" : 0,
            "881" : 0,
            "882" : 0,
            "883" : 0,
            "884" : 0,
            "885" : 0,
            "886" : 0,
            "887" : 0,
            "888" : 0,
            "889" : 0,
            "890" : 0,
            "891" : 0,
            "892" : 0,
            "893" : 0,
            "894" : 0,
            "895" : 0,
            "896" : 0,
            "897" : 0,
            "898" : 0,
            "899" : 0,
            "900" : 0,
            "901" : 0,
            "902" : 0,
            "903" : 0,
            "904" : 0,
            "905" : 0,
            "906" : 0,
            "907" : 0,
            "908" : 0,
            "909" : 0,
            "910" : 0,
            "911" : 0,
            "912" : 0,
            "913" : 0,
            "914" : 0,
            "915" : 0,
            "916" : 0,
            "917" : 0,
            "918" : 0,
            "919" : 0,
            "920" : 0,
            "921" : 0,
            "922" : 0,
            "923" : 0,
            "924" : 0,
            "925" : 0,
            "926" : 0,
            "927" : 0,
            "928" : 0,
            "929" : 0,
            "930" : 0,
            "931" : 0,
            "932" : 0,
            "933" : 0,
            "934" : 0,
            "935" : 0,
            "936" : 0,
            "937" : 0,
            "938" : 0,
            "939" : 0,
            "940" : 0,
            "941" : 0,
            "942" : 0,
            "943" : 0,
            "944" : 0,
            "945" : 0,
            "946" : 0,
            "947" : 0,
            "948" : 0,
            "949" : 0,
            "950" : 0,
            "951" : 0,
            "952" : 0,
            "953" : 0,
            "954" : 0,
            "955" : 0,
            "956" : 0,
            "957" : 0,
            "958" : 0,
            "959" : 0,
            "960" : 0,
            "961" : 0,
            "962" : 0,
            "963" : 0,
            "964" : 0,
            "965" : 0,
            "966" : 0,
            "967" : 0,
            "968" : 0,
            "969" : 0,
            "970" : 0,
            "971" : 0,
            "972" : 0,
            "973" : 0,
            "974" : 0,
            "975" : 0,
            "976" : 0,
            "977" : 0,
            "978" : 0,
            "979" : 0,
            "980" : 0,
            "981" : 0,
            "982" : 0,
            "983" : 0,
            "984" : 0,
            "985" : 0,
            "986" : 0,
            "987" : 0,
            "988" : 0,
            "989" : 0,
            "990" : 0,
            "991" : 0,
            "992" : 0,
            "993" : 0,
            "994" : 0,
            "995" : 0,
            "996" : 0,
            "997" : 0,
            "998" : 0,
            "999" : 0,
            "1000" : 0,
            "1001" : 0,
            "1002" : 0,
            "1003" : 0,
            "1004" : 0,
            "1005" : 0,
            "1006" : 0,
            "1007" : 0,
            "1008" : 0,
            "1009" : 0,
            "1010" : 0,
            "1011" : 0,
            "1012" : 0,
            "1013" : 0,
            "1014" : 0,
            "1015" : 0,
            "1016" : 0,
            "1017" : 0,
            "1018" : 0,
            "1019" : 0,
            "1020" : 0,
            "1021" : 0,
            "1022" : 0,
            "1023" : 0,
            "1024" : 0,
            "1025" : 0,
            "1026" : 0,
            "1027" : 0,
            "1028" : 0,
            "1029" : 0,
            "1030" : 0,
            "1031" : 0,
            "1032" : 0,
            "1033" : 0,
            "1034" : 0,
            "1035" : 0,
            "1036" : 0,
            "1037" : 0,
            "1038" : 0,
            "1039" : 0,
            "1040" : 0,
            "1041" : 0,
            "1042" : 0,
            "1043" : 0,
            "1044" : 0,
            "1045" : 0,
            "1046" : 0,
            "1047" : 0,
            "1048" : 0,
            "1049" : 0,
            "1050" : 0,
            "1051" : 0,
            "1052" : 0,
            "1053" : 0,
            "1054" : 0,
            "1055" : 0,
            "1056" : 0,
            "1057" : 0,
            "1058" : 0,
            "1059" : 0,
            "1060" : 0,
            "1061" : 0,
            "1062" : 0,
            "1063" : 0,
            "1064" : 0,
            "1065" : 0,
            "1066" : 0,
            "1067" : 0,
            "1068" : 0,
            "1069" : 0,
            "1070" : 0,
            "1071" : 0,
            "1072" : 0,
            "1073" : 0,
            "1074" : 0,
            "1075" : 0,
            "1076" : 0,
            "1077" : 0,
            "1078" : 0,
            "1079" : 0,
            "1080" : 0,
            "1081" : 0,
            "1082" : 0,
            "1083" : 0,
            "1084" : 0,
            "1085" : 0,
            "1086" : 0,
            "1087" : 0,
            "1088" : 0,
            "1089" : 0,
            "1090" : 0,
            "1091" : 0,
            "1092" : 0,
            "1093" : 0,
            "1094" : 0,
            "1095" : 0,
            "1096" : 0,
            "1097" : 0,
            "1098" : 0,
            "1099" : 0,
            "1100" : 0,
            "1101" : 0,
            "1102" : 0,
            "1103" : 0,
            "1104" : 0,
            "1105" : 0,
            "1106" : 0,
            "1107" : 0,
            "1108" : 0,
            "1109" : 0,
            "1110" : 0,
            "1111" : 0,
            "1112" : 0,
            "1113" : 0,
            "1114" : 0,
            "1115" : 0,
            "1116" : 0,
            "1117" : 0,
            "1118" : 0,
            "1119" : 0,
            "1120" : 0,
            "1121" : 0,
            "1122" : 0,
            "1123" : 0,
            "1124" : 0,
            "1125" : 0,
            "1126" : 0,
            "1127" : 0,
            "1128" : 0,
            "1129" : 0,
            "1130" : 0,
            "1131" : 0,
            "1132" : 0,
            "1133" : 0,
            "1134" : 0,
            "1135" : 0,
            "1136" : 0,
            "1137" : 0,
            "1138" : 0,
            "1139" : 0,
            "1140" : 0,
            "1141" : 0,
            "1142" : 0,
            "1143" : 0,
            "1144" : 0,
            "1145" : 0,
            "1146" : 0,
            "1147" : 0,
            "1148" : 0,
            "1149" : 0,
            "1150" : 0,
            "1151" : 0,
            "1152" : 0,
            "1153" : 0,
            "1154" : 0,
            "1155" : 0,
            "1156" : 0,
            "1157" : 0,
            "1158" : 0,
            "1159" : 0,
            "1160" : 0,
            "1161" : 0,
            "1162" : 0,
            "1163" : 0,
            "1164" : 0,
            "1165" : 0,
            "1166" : 0,
            "1167" : 0,
            "1168" : 0,
            "1169" : 0,
            "1170" : 0,
            "1171" : 0,
            "1172" : 0,
            "1173" : 0,
            "1174" : 0,
            "1175" : 0,
            "1176" : 0,
            "1177" : 0,
            "1178" : 0,
            "1179" : 0,
            "1180" : 0,
            "1181" : 0,
            "1182" : 0,
            "1183" : 0,
            "1184" : 0,
            "1185" : 0,
            "1186" : 0,
            "1187" : 0,
            "1188" : 0,
            "1189" : 0,
            "1190" : 0,
            "1191" : 0,
            "1192" : 0,
            "1193" : 0,
            "1194" : 0,
            "1195" : 0,
            "1196" : 0,
            "1197" : 0,
            "1198" : 0,
            "1199" : 0,
            "1200" : 0,
            "1201" : 0,
            "1202" : 0,
            "1203" : 0,
            "1204" : 0,
            "1205" : 0,
            "1206" : 0,
            "1207" : 0,
            "1208" : 0,
            "1209" : 0,
            "1210" : 0,
            "1211" : 0,
            "1212" : 0,
            "1213" : 0,
            "1214" : 0,
            "1215" : 0,
            "FIO_IO_U_PLAT_BITS" : 6,
            "FIO_IO_U_PLAT_VAL" : 64,
            "FIO_IO_U_PLAT_NR" : 1216
          }
        },
        "lat" : {
          "min" : 171,
          "max" : 199493,
          "mean" : 670.70,
          "stddev" : 530.16
        },
        "bw_min" : 21472,
        "bw_max" : 50424,
        "bw_agg" : 100.00,
        "bw_mean" : 25730.72,
        "bw_dev" : 896.39
      },
      "write" : {
        "io_bytes" : 9920308,
        "bw" : 11022,
        "iops" : 2755.64,
        "runtime" : 900002,
        "total_ios" : 2480077,
        "short_ios" : 0,
        "drop_ios" : 0,
        "slat" : {
          "min" : 1,
          "max" : 98,
          "mean" : 6.71,
          "stddev" : 4.55
        },
        "clat" : {
          "min" : 470,
          "max" : 201760,
          "mean" : 1326.55,
          "stddev" : 1184.02,
          "percentile" : {
            "1.000000" : 564,
            "5.000000" : 676,
            "10.000000" : 812,
            "20.000000" : 932,
            "30.000000" : 1004,
            "40.000000" : 1064,
            "50.000000" : 1112,
            "60.000000" : 1160,
            "70.000000" : 1208,
            "80.000000" : 1304,
            "90.000000" : 1528,
            "95.000000" : 2960,
            "99.000000" : 6880,
            "99.500000" : 8032,
            "99.900000" : 10432,
            "99.950000" : 11072,
            "99.990000" : 16320,
            "0.00" : 0,
            "0.00" : 0,
            "0.00" : 0
          },
          "bins" : {
            "0" : 0,
            "1" : 0,
            "2" : 0,
            "3" : 0,
            "4" : 0,
            "5" : 0,
            "6" : 0,
            "7" : 0,
            "8" : 0,
            "9" : 0,
            "10" : 0,
            "11" : 0,
            "12" : 0,
            "13" : 0,
            "14" : 0,
            "15" : 0,
            "16" : 0,
            "17" : 0,
            "18" : 0,
            "19" : 0,
            "20" : 0,
            "21" : 0,
            "22" : 0,
            "23" : 0,
            "24" : 0,
            "25" : 0,
            "26" : 0,
            "27" : 0,
            "28" : 0,
            "29" : 0,
            "30" : 0,
            "31" : 0,
            "32" : 0,
            "33" : 0,
            "34" : 0,
            "35" : 0,
            "36" : 0,
            "37" : 0,
            "38" : 0,
            "39" : 0,
            "40" : 0,
            "41" : 0,
            "42" : 0,
            "43" : 0,
            "44" : 0,
            "45" : 0,
            "46" : 0,
            "47" : 0,
            "48" : 0,
            "49" : 0,
            "50" : 0,
            "51" : 0,
            "52" : 0,
            "53" : 0,
            "54" : 0,
            "55" : 0,
            "56" : 0,
            "57" : 0,
            "58" : 0,
            "59" : 0,
            "60" : 0,
            "61" : 0,
            "62" : 0,
            "63" : 0,
            "64" : 0,
            "65" : 0,
            "66" : 0,
            "67" : 0,
            "68" : 0,
            "69" : 0,
            "70" : 0,
            "71" : 0,
            "72" : 0,
            "73" : 0,
            "74" : 0,
            "75" : 0,
            "76" : 0,
            "77" : 0,
            "78" : 0,
            "79" : 0,
            "80" : 0,
            "81" : 0,
            "82" : 0,
            "83" : 0,
            "84" : 0,
            "85" : 0,
            "86" : 0,
            "87" : 0,
            "88" : 0,
            "89" : 0,
            "90" : 0,
            "91" : 0,
            "92" : 0,
            "93" : 0,
            "94" : 0,
            "95" : 0,
            "96" : 0,
            "97" : 0,
            "98" : 0,
            "99" : 0,
            "100" : 0,
            "101" : 0,
            "102" : 0,
            "103" : 0,
            "104" : 0,
            "105" : 0,
            "106" : 0,
            "107" : 0,
            "108" : 0,
            "109" : 0,
            "110" : 0,
            "111" : 0,
            "112" : 0,
            "113" : 0,
            "114" : 0,
            "115" : 0,
            "116" : 0,
            "117" : 0,
            "118" : 0,
            "119" : 0,
            "120" : 0,
            "121" : 0,
            "122" : 0,
            "123" : 0,
            "124" : 0,
            "125" : 0,
            "126" : 0,
            "127" : 0,
            "128" : 0,
            "129" : 0,
            "130" : 0,
            "131" : 0,
            "132" : 0,
            "133" : 0,
            "134" : 0,
            "135" : 0,
            "136" : 0,
            "137" : 0,
            "138" : 0,
            "139" : 0,
            "140" : 0,
            "141" : 0,
            "142" : 0,
            "143" : 0,
            "144" : 0,
            "145" : 0,
            "146" : 0,
            "147" : 0,
            "148" : 0,
            "149" : 0,
            "150" : 0,
            "151" : 0,
            "152" : 0,
            "153" : 0,
            "154" : 0,
            "155" : 0,
            "156" : 0,
            "157" : 0,
            "158" : 0,
            "159" : 0,
            "160" : 0,
            "161" : 0,
            "162" : 0,
            "163" : 0,
            "164" : 0,
            "165" : 0,
            "166" : 0,
            "167" : 0,
            "168" : 0,
            "169" : 0,
            "170" : 0,
            "171" : 0,
            "172" : 0,
            "173" : 0,
            "174" : 0,
            "175" : 0,
            "176" : 0,
            "177" : 0,
            "178" : 0,
            "179" : 0,
            "180" : 0,
            "181" : 0,
            "182" : 0,
            "183" : 0,
            "184" : 0,
            "185" : 0,
            "186" : 0,
            "187" : 0,
            "188" : 0,
            "189" : 0,
            "190" : 0,
            "191" : 0,
            "192" : 0,
            "193" : 0,
            "194" : 0,
            "195" : 0,
            "196" : 0,
            "197" : 0,
            "198" : 0,
            "199" : 0,
            "200" : 0,
            "201" : 0,
            "202" : 0,
            "203" : 0,
            "204" : 0,
            "205" : 0,
            "206" : 0,
            "207" : 0,
            "208" : 0,
            "209" : 0,
            "210" : 0,
            "211" : 0,
            "212" : 0,
            "213" : 0,
            "214" : 0,
            "215" : 0,
            "216" : 0,
            "217" : 0,
            "218" : 0,
            "219" : 0,
            "220" : 0,
            "221" : 0,
            "222" : 0,
            "223" : 0,
            "224" : 0,
            "225" : 0,
            "226" : 0,
            "227" : 0,
            "228" : 0,
            "229" : 0,
            "230" : 0,
            "231" : 0,
            "232" : 0,
            "233" : 0,
            "234" : 0,
            "235" : 0,
            "236" : 0,
            "237" : 0,
            "238" : 0,
            "239" : 0,
            "240" : 0,
            "241" : 0,
            "242" : 0,
            "243" : 0,
            "244" : 0,
            "245" : 1,
            "246" : 0,
            "247" : 2,
            "248" : 1,
            "249" : 6,
            "250" : 24,
            "251" : 27,
            "252" : 51,
            "253" : 79,
            "254" : 137,
            "255" : 187,
            "256" : 760,
            "257" : 1372,
            "258" : 2228,
            "259" : 3341,
            "260" : 4520,
            "261" : 5664,
            "262" : 6489,
            "263" : 7033,
            "264" : 7176,
            "265" : 7342,
            "266" : 7299,
            "267" : 7481,
            "268" : 7525,
            "269" : 7468,
            "270" : 7408,
            "271" : 7355,
            "272" : 7035,
            "273" : 6810,
            "274" : 6569,
            "275" : 6481,
            "276" : 6199,
            "277" : 6131,
            "278" : 6072,
            "279" : 6156,
            "280" : 6172,
            "281" : 6331,
            "282" : 6566,
            "283" : 6924,
            "284" : 7233,
            "285" : 7651,
            "286" : 7862,
            "287" : 8200,
            "288" : 8388,
            "289" : 8788,
            "290" : 9237,
            "291" : 9613,
            "292" : 9948,
            "293" : 10735,
            "294" : 11597,
            "295" : 12221,
            "296" : 12994,
            "297" : 13964,
            "298" : 14726,
            "299" : 15244,
            "300" : 15924,
            "301" : 16532,
            "302" : 17224,
            "303" : 17607,
            "304" : 18380,
            "305" : 19069,
            "306" : 20276,
            "307" : 21516,
            "308" : 22401,
            "309" : 23853,
            "310" : 25249,
            "311" : 26549,
            "312" : 27617,
            "313" : 28745,
            "314" : 30016,
            "315" : 30605,
            "316" : 30965,
            "317" : 31504,
            "318" : 32623,
            "319" : 33274,
            "320" : 69726,
            "321" : 74200,
            "322" : 79956,
            "323" : 83804,
            "324" : 85000,
            "325" : 82673,
            "326" : 79433,
            "327" : 76840,
            "328" : 74078,
            "329" : 71846,
            "330" : 69293,
            "331" : 65684,
            "332" : 60507,
            "333" : 53425,
            "334" : 46449,
            "335" : 40280,
            "336" : 34396,
            "337" : 30993,
            "338" : 27872,
            "339" : 25774,
            "340" : 23286,
            "341" : 21334,
            "342" : 19265,
            "343" : 17807,
            "344" : 16610,
            "345" : 15499,
            "346" : 14432,
            "347" : 12973,
            "348" : 11636,
            "349" : 10231,
            "350" : 8905,
            "351" : 7984,
            "352" : 6990,
            "353" : 6359,
            "354" : 5393,
            "355" : 4782,
            "356" : 4327,
            "357" : 3849,
            "358" : 3451,
            "359" : 3314,
            "360" : 2986,
            "361" : 2812,
            "362" : 2364,
            "363" : 2230,
            "364" : 2046,
            "365" : 1967,
            "366" : 1840,
            "367" : 1733,
            "368" : 1679,
            "369" : 1526,
            "370" : 1453,
            "371" : 1353,
            "372" : 1351,
            "373" : 1241,
            "374" : 1213,
            "375" : 1165,
            "376" : 1076,
            "377" : 1068,
            "378" : 1055,
            "379" : 1007,
            "380" : 1047,
            "381" : 941,
            "382" : 928,
            "383" : 932,
            "384" : 1753,
            "385" : 1716,
            "386" : 1714,
            "387" : 1712,
            "388" : 1590,
            "389" : 1645,
            "390" : 1602,
            "391" : 1496,
            "392" : 1581,
            "393" : 1439,
            "394" : 1493,
            "395" : 1544,
            "396" : 1461,
            "397" : 1417,
            "398" : 1373,
            "399" : 1440,
            "400" : 1405,
            "401" : 1368,
            "402" : 1399,
            "403" : 1360,
            "404" : 1329,
            "405" : 1347,
            "406" : 1369,
            "407" : 1284,
            "408" : 1266,
            "409" : 1363,
            "410" : 1346,
            "411" : 1287,
            "412" : 1271,
            "413" : 1206,
            "414" : 1257,
            "415" : 1260,
            "416" : 1180,
            "417" : 1262,
            "418" : 1293,
            "419" : 1263,
            "420" : 1160,
            "421" : 1263,
            "422" : 1162,
            "423" : 1155,
            "424" : 1123,
            "425" : 1186,
            "426" : 1182,
            "427" : 1155,
            "428" : 1149,
            "429" : 1170,
            "430" : 1164,
            "431" : 1090,
            "432" : 1080,
            "433" : 1143,
            "434" : 1146,
            "435" : 1058,
            "436" : 1115,
            "437" : 1097,
            "438" : 1151,
            "439" : 1090,
            "440" : 1150,
            "441" : 1109,
            "442" : 1066,
            "443" : 1058,
            "444" : 1098,
            "445" : 1073,
            "446" : 1074,
            "447" : 1143,
            "448" : 2073,
            "449" : 2061,
            "450" : 2136,
            "451" : 2060,
            "452" : 2038,
            "453" : 2000,
            "454" : 1927,
            "455" : 1926,
            "456" : 1836,
            "457" : 1801,
            "458" : 1709,
            "459" : 1699,
            "460" : 1655,
            "461" : 1565,
            "462" : 1541,
            "463" : 1410,
            "464" : 1451,
            "465" : 1343,
            "466" : 1272,
            "467" : 1332,
            "468" : 1189,
            "469" : 1209,
            "470" : 1119,
            "471" : 1153,
            "472" : 1063,
            "473" : 1084,
            "474" : 1081,
            "475" : 1081,
            "476" : 1019,
            "477" : 947,
            "478" : 972,
            "479" : 991,
            "480" : 1013,
            "481" : 961,
            "482" : 968,
            "483" : 973,
            "484" : 948,
            "485" : 957,
            "486" : 959,
            "487" : 903,
            "488" : 912,
            "489" : 911,
            "490" : 865,
            "491" : 884,
            "492" : 858,
            "493" : 813,
            "494" : 760,
            "495" : 871,
            "496" : 740,
            "497" : 715,
            "498" : 731,
            "499" : 662,
            "500" : 670,
            "501" : 654,
            "502" : 568,
            "503" : 594,
            "504" : 532,
            "505" : 571,
            "506" : 525,
            "507" : 482,
            "508" : 465,
            "509" : 460,
            "510" : 440,
            "511" : 446,
            "512" : 821,
            "513" : 752,
            "514" : 684,
            "515" : 655,
            "516" : 553,
            "517" : 542,
            "518" : 501,
            "519" : 475,
            "520" : 477,
            "521" : 439,
            "522" : 440,
            "523" : 417,
            "524" : 354,
            "525" : 392,
            "526" : 448,
            "527" : 358,
            "528" : 336,
            "529" : 347,
            "530" : 311,
            "531" : 300,
            "532" : 239,
            "533" : 215,
            "534" : 194,
            "535" : 146,
            "536" : 132,
            "537" : 111,
            "538" : 78,
            "539" : 46,
            "540" : 50,
            "541" : 46,
            "542" : 30,
            "543" : 21,
            "544" : 19,
            "545" : 24,
            "546" : 17,
            "547" : 17,
            "548" : 11,
            "549" : 8,
            "550" : 9,
            "551" : 4,
            "552" : 9,
            "553" : 9,
            "554" : 7,
            "555" : 7,
            "556" : 12,
            "557" : 12,
            "558" : 5,
            "559" : 5,
            "560" : 8,
            "561" : 5,
            "562" : 6,
            "563" : 3,
            "564" : 4,
            "565" : 2,
            "566" : 4,
            "567" : 3,
            "568" : 7,
            "569" : 3,
            "570" : 5,
            "571" : 1,
            "572" : 4,
            "573" : 5,
            "574" : 5,
            "575" : 6,
            "576" : 2,
            "577" : 5,
            "578" : 3,
            "579" : 5,
            "580" : 7,
            "581" : 6,
            "582" : 3,
            "583" : 1,
            "584" : 8,
            "585" : 2,
            "586" : 4,
            "587" : 4,
            "588" : 7,
            "589" : 4,
            "590" : 6,
            "591" : 14,
            "592" : 5,
            "593" : 3,
            "594" : 3,
            "595" : 3,
            "596" : 2,
            "597" : 1,
            "598" : 0,
            "599" : 0,
            "600" : 1,
            "601" : 4,
            "602" : 0,
            "603" : 0,
            "604" : 4,
            "605" : 0,
            "606" : 0,
            "607" : 0,
            "608" : 1,
            "609" : 1,
            "610" : 1,
            "611" : 1,
            "612" : 1,
            "613" : 0,
            "614" : 1,
            "615" : 0,
            "616" : 2,
            "617" : 0,
            "618" : 0,
            "619" : 1,
            "620" : 0,
            "621" : 0,
            "622" : 1,
            "623" : 0,
            "624" : 0,
            "625" : 0,
            "626" : 0,
            "627" : 0,
            "628" : 0,
            "629" : 0,
            "630" : 0,
            "631" : 0,
            "632" : 0,
            "633" : 0,
            "634" : 0,
            "635" : 0,
            "636" : 0,
            "637" : 0,
            "638" : 0,
            "639" : 0,
            "640" : 0,
            "641" : 0,
            "642" : 2,
            "643" : 0,
            "644" : 0,
            "645" : 0,
            "646" : 0,
            "647" : 0,
            "648" : 0,
            "649" : 0,
            "650" : 0,
            "651" : 0,
            "652" : 1,
            "653" : 0,
            "654" : 0,
            "655" : 1,
            "656" : 0,
            "657" : 0,
            "658" : 1,
            "659" : 0,
            "660" : 0,
            "661" : 0,
            "662" : 2,
            "663" : 0,
            "664" : 0,
            "665" : 2,
            "666" : 1,
            "667" : 3,
            "668" : 0,
            "669" : 3,
            "670" : 4,
            "671" : 2,
            "672" : 6,
            "673" : 2,
            "674" : 1,
            "675" : 2,
            "676" : 2,
            "677" : 1,
            "678" : 3,
            "679" : 7,
            "680" : 5,
            "681" : 5,
            "682" : 3,
            "683" : 5,
            "684" : 3,
            "685" : 3,
            "686" : 3,
            "687" : 2,
            "688" : 3,
            "689" : 1,
            "690" : 1,
            "691" : 2,
            "692" : 2,
            "693" : 0,
            "694" : 3,
            "695" : 2,
            "696" : 2,
            "697" : 1,
            "698" : 0,
            "699" : 0,
            "700" : 1,
            "701" : 1,
            "702" : 0,
            "703" : 0,
            "704" : 4,
            "705" : 0,
            "706" : 1,
            "707" : 0,
            "708" : 0,
            "709" : 1,
            "710" : 0,
            "711" : 1,
            "712" : 0,
            "713" : 3,
            "714" : 2,
            "715" : 0,
            "716" : 0,
            "717" : 2,
            "718" : 0,
            "719" : 0,
            "720" : 0,
            "721" : 0,
            "722" : 0,
            "723" : 2,
            "724" : 1,
            "725" : 0,
            "726" : 0,
            "727" : 1,
            "728" : 0,
            "729" : 0,
            "730" : 0,
            "731" : 0,
            "732" : 0,
            "733" : 0,
            "734" : 0,
            "735" : 0,
            "736" : 0,
            "737" : 0,
            "738" : 0,
            "739" : 0,
            "740" : 0,
            "741" : 0,
            "742" : 0,
            "743" : 0,
            "744" : 0,
            "745" : 0,
            "746" : 0,
            "747" : 0,
            "748" : 0,
            "749" : 0,
            "750" : 0,
            "751" : 0,
            "752" : 1,
            "753" : 1,
            "754" : 0,
            "755" : 0,
            "756" : 0,
            "757" : 0,
            "758" : 1,
            "759" : 0,
            "760" : 0,
            "761" : 0,
            "762" : 0,
            "763" : 1,
            "764" : 0,
            "765" : 0,
            "766" : 0,
            "767" : 0,
            "768" : 0,
            "769" : 2,
            "770" : 0,
            "771" : 0,
            "772" : 2,
            "773" : 0,
            "774" : 0,
            "775" : 2,
            "776" : 0,
            "777" : 0,
            "778" : 0,
            "779" : 0,
            "780" : 0,
            "781" : 0,
            "782" : 0,
            "783" : 0,
            "784" : 1,
            "785" : 1,
            "786" : 0,
            "787" : 0,
            "788" : 1,
            "789" : 1,
            "790" : 0,
            "791" : 0,
            "792" : 0,
            "793" : 0,
            "794" : 0,
            "795" : 0,
            "796" : 0,
            "797" : 0,
            "798" : 0,
            "799" : 0,
            "800" : 1,
            "801" : 0,
            "802" : 1,
            "803" : 0,
            "804" : 0,
            "805" : 0,
            "806" : 0,
            "807" : 0,
            "808" : 0,
            "809" : 0,
            "810" : 0,
            "811" : 0,
            "812" : 0,
            "813" : 0,
            "814" : 0,
            "815" : 0,
            "816" : 0,
            "817" : 0,
            "818" : 0,
            "819" : 0,
            "820" : 0,
            "821" : 0,
            "822" : 0,
            "823" : 0,
            "824" : 0,
            "825" : 0,
            "826" : 0,
            "827" : 0,
            "828" : 0,
            "829" : 0,
            "830" : 0,
            "831" : 0,
            "832" : 0,
            "833" : 0,
            "834" : 0,
            "835" : 0,
            "836" : 0,
            "837" : 0,
            "838" : 0,
            "839" : 0,
            "840" : 0,
            "841" : 0,
            "842" : 0,
            "843" : 0,
            "844" : 0,
            "845" : 0,
            "846" : 0,
            "847" : 0,
            "848" : 0,
            "849" : 0,
            "850" : 0,
            "851" : 0,
            "852" : 0,
            "853" : 0,
            "854" : 0,
            "855" : 0,
            "856" : 0,
            "857" : 0,
            "858" : 0,
            "859" : 0,
            "860" : 0,
            "861" : 0,
            "862" : 0,
            "863" : 0,
            "864" : 0,
            "865" : 0,
            "866" : 0,
            "867" : 0,
            "868" : 0,
            "869" : 0,
            "870" : 0,
            "871" : 0,
            "872" : 0,
            "873" : 0,
            "874" : 0,
            "875" : 0,
            "876" : 0,
            "877" : 0,
            "878" : 0,
            "879" : 0,
            "880" : 0,
            "881" : 0,
            "882" : 0,
            "883" : 0,
            "884" : 0,
            "885" : 0,
            "886" : 0,
            "887" : 0,
            "888" : 0,
            "889" : 0,
            "890" : 0,
            "891" : 0,
            "892" : 0,
            "893" : 0,
            "894" : 0,
            "895" : 0,
            "896" : 0,
            "897" : 0,
            "898" : 0,
            "899" : 0,
            "900" : 0,
            "901" : 0,
            "902" : 0,
            "903" : 0,
            "904" : 0,
            "905" : 0,
            "906" : 0,
            "907" : 0,
            "908" : 0,
            "909" : 0,
            "910" : 0,
            "911" : 0,
            "912" : 0,
            "913" : 0,
            "914" : 0,
            "915" : 0,
            "916" : 0,
            "917" : 0,
            "918" : 0,
            "919" : 0,
            "920" : 0,
            "921" : 0,
            "922" : 0,
            "923" : 0,
            "924" : 0,
            "925" : 0,
            "926" : 0,
            "927" : 0,
            "928" : 0,
            "929" : 0,
            "930" : 0,
            "931" : 0,
            "932" : 0,
            "933" : 0,
            "934" : 0,
            "935" : 0,
            "936" : 0,
            "937" : 0,
            "938" : 0,
            "939" : 0,
            "940" : 0,
            "941" : 0,
            "942" : 0,
            "943" : 0,
            "944" : 0,
            "945" : 0,
            "946" : 0,
            "947" : 0,
            "948" : 0,
            "949" : 0,
            "950" : 0,
            "951" : 0,
            "952" : 0,
            "953" : 0,
            "954" : 0,
            "955" : 0,
            "956" : 0,
            "957" : 0,
            "958" : 0,
            "959" : 0,
            "960" : 0,
            "961" : 0,
            "962" : 0,
            "963" : 0,
            "964" : 0,
            "965" : 0,
            "966" : 0,
            "967" : 0,
            "968" : 0,
            "969" : 0,
            "970" : 0,
            "971" : 0,
            "972" : 0,
            "973" : 0,
            "974" : 0,
            "975" : 0,
            "976" : 0,
            "977" : 0,
            "978" : 0,
            "979" : 0,
            "980" : 0,
            "981" : 0,
            "982" : 0,
            "983" : 0,
            "984" : 0,
            "985" : 0,
            "986" : 0,
            "987" : 0,
            "988" : 0,
            "989" : 0,
            "990" : 0,
            "991" : 0,
            "992" : 0,
            "993" : 0,
            "994" : 0,
            "995" : 0,
            "996" : 0,
            "997" : 0,
            "998" : 0,
            "999" : 0,
            "1000" : 0,
            "1001" : 0,
            "1002" : 0,
            "1003" : 0,
            "1004" : 0,
            "1005" : 0,
            "1006" : 0,
            "1007" : 0,
            "1008" : 0,
            "1009" : 0,
            "1010" : 0,
            "1011" : 0,
            "1012" : 0,
            "1013" : 0,
            "1014" : 0,
            "1015" : 0,
            "1016" : 0,
            "1017" : 0,
            "1018" : 0,
            "1019" : 0,
            "1020" : 0,
            "1021" : 0,
            "1022" : 0,
            "1023" : 0,
            "1024" : 0,
            "1025" : 0,
            "1026" : 0,
            "1027" : 0,
            "1028" : 0,
            "1029" : 0,
            "1030" : 0,
            "1031" : 0,
            "1032" : 0,
            "1033" : 0,
            "1034" : 0,
            "1035" : 0,
            "1036" : 0,
            "1037" : 0,
            "1038" : 0,
            "1039" : 0,
            "1040" : 0,
            "1041" : 0,
            "1042" : 0,
            "1043" : 0,
            "1044" : 0,
            "1045" : 0,
            "1046" : 0,
            "1047" : 0,
            "1048" : 0,
            "1049" : 0,
            "1050" : 0,
            "1051" : 0,
            "1052" : 0,
            "1053" : 0,
            "1054" : 0,
            "1055" : 0,
            "1056" : 0,
            "1057" : 0,
            "1058" : 0,
            "1059" : 0,
            "1060" : 0,
            "1061" : 0,
            "1062" : 0,
            "1063" : 0,
            "1064" : 0,
            "1065" : 0,
            "1066" : 0,
            "1067" : 0,
            "1068" : 0,
            "1069" : 0,
            "1070" : 0,
            "1071" : 0,
            "1072" : 0,
            "1073" : 0,
            "1074" : 0,
            "1075" : 0,
            "1076" : 0,
            "1077" : 0,
            "1078" : 0,
            "1079" : 0,
            "1080" : 0,
            "1081" : 0,
            "1082" : 0,
            "1083" : 0,
            "1084" : 0,
            "1085" : 0,
            "1086" : 0,
            "1087" : 0,
            "1088" : 0,
            "1089" : 0,
            "1090" : 0,
            "1091" : 0,
            "1092" : 0,
            "1093" : 0,
            "1094" : 0,
            "1095" : 0,
            "1096" : 0,
            "1097" : 0,
            "1098" : 0,
            "1099" : 0,
            "1100" : 0,
            "1101" : 0,
            "1102" : 0,
            "1103" : 0,
            "1104" : 0,
            "1105" : 0,
            "1106" : 0,
            "1107" : 0,
            "1108" : 0,
            "1109" : 0,
            "1110" : 0,
            "1111" : 0,
            "1112" : 0,
            "1113" : 0,
            "1114" : 0,
            "1115" : 0,
            "1116" : 0,
            "1117" : 0,
            "1118" : 0,
            "1119" : 0,
            "1120" : 0,
            "1121" : 0,
            "1122" : 0,
            "1123" : 0,
            "1124" : 0,
            "1125" : 0,
            "1126" : 0,
            "1127" : 0,
            "1128" : 0,
            "1129" : 0,
            "1130" : 0,
            "1131" : 0,
            "1132" : 0,
            "1133" : 0,
            "1134" : 0,
            "1135" : 0,
            "1136" : 0,
            "1137" : 0,
            "1138" : 0,
            "1139" : 0,
            "1140" : 0,
            "1141" : 0,
            "1142" : 0,
            "1143" : 0,
            "1144" : 0,
            "1145" : 0,
            "1146" : 0,
            "1147" : 0,
            "1148" : 0,
            "1149" : 0,
            "1150" : 0,
            "1151" : 0,
            "1152" : 0,
            "1153" : 0,
            "1154" : 0,
            "1155" : 0,
            "1156" : 0,
            "1157" : 0,
            "1158" : 0,
            "1159" : 0,
            "1160" : 0,
            "1161" : 0,
            "1162" : 0,
            "1163" : 0,
            "1164" : 0,
            "1165" : 0,
            "1166" : 0,
            "1167" : 0,
            "1168" : 0,
            "1169" : 0,
            "1170" : 0,
            "1171" : 0,
            "1172" : 0,
            "1173" : 0,
            "1174" : 0,
            "1175" : 0,
            "1176" : 0,
            "1177" : 0,
            "1178" : 0,
            "1179" : 0,
            "1180" : 0,
            "1181" : 0,
            "1182" : 0,
            "1183" : 0,
            "1184" : 0,
            "1185" : 0,
            "1186" : 0,
            "1187" : 0,
            "1188" : 0,
            "1189" : 0,
            "1190" : 0,
            "1191" : 0,
            "1192" : 0,
            "1193" : 0,
            "1194" : 0,
            "1195" : 0,
            "1196" : 0,
            "1197" : 0,
            "1198" : 0,
            "1199" : 0,
            "1200" : 0,
            "1201" : 0,
            "1202" : 0,
            "1203" : 0,
            "1204" : 0,
            "1205" : 0,
            "1206" : 0,
            "1207" : 0,
            "1208" : 0,
            "1209" : 0,
            "1210" : 0,
            "1211" : 0,
            "1212" : 0,
            "1213" : 0,
            "1214" : 0,
            "1215" : 0,
            "FIO_IO_U_PLAT_BITS" : 6,
            "FIO_IO_U_PLAT_VAL" : 64,
            "FIO_IO_U_PLAT_NR" : 1216
          }
        },
        "lat" : {
          "min" : 473,
          "max" : 201762,
          "mean" : 1333.35,
          "stddev" : 1183.95
        },
        "bw_min" : 9120,
        "bw_max" : 20480,
        "bw_agg" : 100.00,
        "bw_mean" : 11024.77,
        "bw_dev" : 420.37
      },
      "trim" : {
        "io_bytes" : 0,
        "bw" : 0,
        "iops" : 0.00,
        "runtime" : 0,
        "total_ios" : 0,
        "short_ios" : 0,
        "drop_ios" : 0,
        "slat" : {
          "min" : 0,
          "max" : 0,
          "mean" : 0.00,
          "stddev" : 0.00
        },
        "clat" : {
          "min" : 0,
          "max" : 0,
          "mean" : 0.00,
          "stddev" : 0.00,
          "percentile" : {
            "1.000000" : 0,
            "5.000000" : 0,
            "10.000000" : 0,
            "20.000000" : 0,
            "30.000000" : 0,
            "40.000000" : 0,
            "50.000000" : 0,
            "60.000000" : 0,
            "70.000000" : 0,
            "80.000000" : 0,
            "90.000000" : 0,
            "95.000000" : 0,
            "99.000000" : 0,
            "99.500000" : 0,
            "99.900000" : 0,
            "99.950000" : 0,
            "99.990000" : 0,
            "0.00" : 0,
            "0.00" : 0,
            "0.00" : 0
          },
          "bins" : {
            "0" : 0,
            "1" : 0,
            "2" : 0,
            "3" : 0,
            "4" : 0,
            "5" : 0,
            "6" : 0,
            "7" : 0,
            "8" : 0,
            "9" : 0,
            "10" : 0,
            "11" : 0,
            "12" : 0,
            "13" : 0,
            "14" : 0,
            "15" : 0,
            "16" : 0,
            "17" : 0,
            "18" : 0,
            "19" : 0,
            "20" : 0,
            "21" : 0,
            "22" : 0,
            "23" : 0,
            "24" : 0,
            "25" : 0,
            "26" : 0,
            "27" : 0,
            "28" : 0,
            "29" : 0,
            "30" : 0,
            "31" : 0,
            "32" : 0,
            "33" : 0,
            "34" : 0,
            "35" : 0,
            "36" : 0,
            "37" : 0,
            "38" : 0,
            "39" : 0,
            "40" : 0,
            "41" : 0,
            "42" : 0,
            "43" : 0,
            "44" : 0,
            "45" : 0,
            "46" : 0,
            "47" : 0,
            "48" : 0,
            "49" : 0,
            "50" : 0,
            "51" : 0,
            "52" : 0,
            "53" : 0,
            "54" : 0,
            "55" : 0,
            "56" : 0,
            "57" : 0,
            "58" : 0,
            "59" : 0,
            "60" : 0,
            "61" : 0,
            "62" : 0,
            "63" : 0,
            "64" : 0,
            "65" : 0,
            "66" : 0,
            "67" : 0,
            "68" : 0,
            "69" : 0,
            "70" : 0,
            "71" : 0,
            "72" : 0,
            "73" : 0,
            "74" : 0,
            "75" : 0,
            "76" : 0,
            "77" : 0,
            "78" : 0,
            "79" : 0,
            "80" : 0,
            "81" : 0,
            "82" : 0,
            "83" : 0,
            "84" : 0,
            "85" : 0,
            "86" : 0,
            "87" : 0,
            "88" : 0,
            "89" : 0,
            "90" : 0,
            "91" : 0,
            "92" : 0,
            "93" : 0,
            "94" : 0,
            "95" : 0,
            "96" : 0,
            "97" : 0,
            "98" : 0,
            "99" : 0,
            "100" : 0,
            "101" : 0,
            "102" : 0,
            "103" : 0,
            "104" : 0,
            "105" : 0,
            "106" : 0,
            "107" : 0,
            "108" : 0,
            "109" : 0,
            "110" : 0,
            "111" : 0,
            "112" : 0,
            "113" : 0,
            "114" : 0,
            "115" : 0,
            "116" : 0,
            "117" : 0,
            "118" : 0,
            "119" : 0,
            "120" : 0,
            "121" : 0,
            "122" : 0,
            "123" : 0,
            "124" : 0,
            "125" : 0,
            "126" : 0,
            "127" : 0,
            "128" : 0,
            "129" : 0,
            "130" : 0,
            "131" : 0,
            "132" : 0,
            "133" : 0,
            "134" : 0,
            "135" : 0,
            "136" : 0,
            "137" : 0,
            "138" : 0,
            "139" : 0,
            "140" : 0,
            "141" : 0,
            "142" : 0,
            "143" : 0,
            "144" : 0,
            "145" : 0,
            "146" : 0,
            "147" : 0,
            "148" : 0,
            "149" : 0,
            "150" : 0,
            "151" : 0,
            "152" : 0,
            "153" : 0,
            "154" : 0,
            "155" : 0,
            "156" : 0,
            "157" : 0,
            "158" : 0,
            "159" : 0,
            "160" : 0,
            "161" : 0,
            "162" : 0,
            "163" : 0,
            "164" : 0,
            "165" : 0,
            "166" : 0,
            "167" : 0,
            "168" : 0,
            "169" : 0,
            "170" : 0,
            "171" : 0,
            "172" : 0,
            "173" : 0,
            "174" : 0,
            "175" : 0,
            "176" : 0,
            "177" : 0,
            "178" : 0,
            "179" : 0,
            "180" : 0,
            "181" : 0,
            "182" : 0,
            "183" : 0,
            "184" : 0,
            "185" : 0,
            "186" : 0,
            "187" : 0,
            "188" : 0,
            "189" : 0,
            "190" : 0,
            "191" : 0,
            "192" : 0,
            "193" : 0,
            "194" : 0,
            "195" : 0,
            "196" : 0,
            "197" : 0,
            "198" : 0,
            "199" : 0,
            "200" : 0,
            "201" : 0,
            "202" : 0,
            "203" : 0,
            "204" : 0,
            "205" : 0,
            "206" : 0,
            "207" : 0,
            "208" : 0,
            "209" : 0,
            "210" : 0,
            "211" : 0,
            "212" : 0,
            "213" : 0,
            "214" : 0,
            "215" : 0,
            "216" : 0,
            "217" : 0,
            "218" : 0,
            "219" : 0,
            "220" : 0,
            "221" : 0,
            "222" : 0,
            "223" : 0,
            "224" : 0,
            "225" : 0,
            "226" : 0,
            "227" : 0,
            "228" : 0,
            "229" : 0,
            "230" : 0,
            "231" : 0,
            "232" : 0,
            "233" : 0,
            "234" : 0,
            "235" : 0,
            "236" : 0,
            "237" : 0,
            "238" : 0,
            "239" : 0,
            "240" : 0,
            "241" : 0,
            "242" : 0,
            "243" : 0,
            "244" : 0,
            "245" : 0,
            "246" : 0,
            "247" : 0,
            "248" : 0,
            "249" : 0,
            "250" : 0,
            "251" : 0,
            "252" : 0,
            "253" : 0,
            "254" : 0,
            "255" : 0,
            "256" : 0,
            "257" : 0,
            "258" : 0,
            "259" : 0,
            "260" : 0,
            "261" : 0,
            "262" : 0,
            "263" : 0,
            "264" : 0,
            "265" : 0,
            "266" : 0,
            "267" : 0,
            "268" : 0,
            "269" : 0,
            "270" : 0,
            "271" : 0,
            "272" : 0,
            "273" : 0,
            "274" : 0,
            "275" : 0,
            "276" : 0,
            "277" : 0,
            "278" : 0,
            "279" : 0,
            "280" : 0,
            "281" : 0,
            "282" : 0,
            "283" : 0,
            "284" : 0,
            "285" : 0,
            "286" : 0,
            "287" : 0,
            "288" : 0,
            "289" : 0,
            "290" : 0,
            "291" : 0,
            "292" : 0,
            "293" : 0,
            "294" : 0,
            "295" : 0,
            "296" : 0,
            "297" : 0,
            "298" : 0,
            "299" : 0,
            "300" : 0,
            "301" : 0,
            "302" : 0,
            "303" : 0,
            "304" : 0,
            "305" : 0,
            "306" : 0,
            "307" : 0,
            "308" : 0,
            "309" : 0,
            "310" : 0,
            "311" : 0,
            "312" : 0,
            "313" : 0,
            "314" : 0,
            "315" : 0,
            "316" : 0,
            "317" : 0,
            "318" : 0,
            "319" : 0,
            "320" : 0,
            "321" : 0,
            "322" : 0,
            "323" : 0,
            "324" : 0,
            "325" : 0,
            "326" : 0,
            "327" : 0,
            "328" : 0,
            "329" : 0,
            "330" : 0,
            "331" : 0,
            "332" : 0,
            "333" : 0,
            "334" : 0,
            "335" : 0,
            "336" : 0,
            "337" : 0,
            "338" : 0,
            "339" : 0,
            "340" : 0,
            "341" : 0,
            "342" : 0,
            "343" : 0,
            "344" : 0,
            "345" : 0,
            "346" : 0,
            "347" : 0,
            "348" : 0,
            "349" : 0,
            "350" : 0,
            "351" : 0,
            "352" : 0,
            "353" : 0,
            "354" : 0,
            "355" : 0,
            "356" : 0,
            "357" : 0,
            "358" : 0,
            "359" : 0,
            "360" : 0,
            "361" : 0,
            "362" : 0,
            "363" : 0,
            "364" : 0,
            "365" : 0,
            "366" : 0,
            "367" : 0,
            "368" : 0,
            "369" : 0,
            "370" : 0,
            "371" : 0,
            "372" : 0,
            "373" : 0,
            "374" : 0,
            "375" : 0,
            "376" : 0,
            "377" : 0,
            "378" : 0,
            "379" : 0,
            "380" : 0,
            "381" : 0,
            "382" : 0,
            "383" : 0,
            "384" : 0,
            "385" : 0,
            "386" : 0,
            "387" : 0,
            "388" : 0,
            "389" : 0,
            "390" : 0,
            "391" : 0,
            "392" : 0,
            "393" : 0,
            "394" : 0,
            "395" : 0,
            "396" : 0,
            "397" : 0,
            "398" : 0,
            "399" : 0,
            "400" : 0,
            "401" : 0,
            "402" : 0,
            "403" : 0,
            "404" : 0,
            "405" : 0,
            "406" : 0,
            "407" : 0,
            "408" : 0,
            "409" : 0,
            "410" : 0,
            "411" : 0,
            "412" : 0,
            "413" : 0,
            "414" : 0,
            "415" : 0,
            "416" : 0,
            "417" : 0,
            "418" : 0,
            "419" : 0,
            "420" : 0,
            "421" : 0,
            "422" : 0,
            "423" : 0,
            "424" : 0,
            "425" : 0,
            "426" : 0,
            "427" : 0,
            "428" : 0,
            "429" : 0,
            "430" : 0,
            "431" : 0,
            "432" : 0,
            "433" : 0,
            "434" : 0,
            "435" : 0,
            "436" : 0,
            "437" : 0,
            "438" : 0,
            "439" : 0,
            "440" : 0,
            "441" : 0,
            "442" : 0,
            "443" : 0,
            "444" : 0,
            "445" : 0,
            "446" : 0,
            "447" : 0,
            "448" : 0,
            "449" : 0,
            "450" : 0,
            "451" : 0,
            "452" : 0,
            "453" : 0,
            "454" : 0,
            "455" : 0,
            "456" : 0,
            "457" : 0,
            "458" : 0,
            "459" : 0,
            "460" : 0,
            "461" : 0,
            "462" : 0,
            "463" : 0,
            "464" : 0,
            "465" : 0,
            "466" : 0,
            "467" : 0,
            "468" : 0,
            "469" : 0,
            "470" : 0,
            "471" : 0,
            "472" : 0,
            "473" : 0,
            "474" : 0,
            "475" : 0,
            "476" : 0,
            "477" : 0,
            "478" : 0,
            "479" : 0,
            "480" : 0,
            "481" : 0,
            "482" : 0,
            "483" : 0,
            "484" : 0,
            "485" : 0,
            "486" : 0,
            "487" : 0,
            "488" : 0,
            "489" : 0,
            "490" : 0,
            "491" : 0,
            "492" : 0,
            "493" : 0,
            "494" : 0,
            "495" : 0,
            "496" : 0,
            "497" : 0,
            "498" : 0,
            "499" : 0,
            "500" : 0,
            "501" : 0,
            "502" : 0,
            "503" : 0,
            "504" : 0,
            "505" : 0,
            "506" : 0,
            "507" : 0,
            "508" : 0,
            "509" : 0,
            "510" : 0,
            "511" : 0,
            "512" : 0,
            "513" : 0,
            "514" : 0,
            "515" : 0,
            "516" : 0,
            "517" : 0,
            "518" : 0,
            "519" : 0,
            "520" : 0,
            "521" : 0,
            "522" : 0,
            "523" : 0,
            "524" : 0,
            "525" : 0,
            "526" : 0,
            "527" : 0,
            "528" : 0,
            "529" : 0,
            "530" : 0,
            "531" : 0,
            "532" : 0,
            "533" : 0,
            "534" : 0,
            "535" : 0,
            "536" : 0,
            "537" : 0,
            "538" : 0,
            "539" : 0,
            "540" : 0,
            "541" : 0,
            "542" : 0,
            "543" : 0,
            "544" : 0,
            "545" : 0,
            "546" : 0,
            "547" : 0,
            "548" : 0,
            "549" : 0,
            "550" : 0,
            "551" : 0,
            "552" : 0,
            "553" : 0,
            "554" : 0,
            "555" : 0,
            "556" : 0,
            "557" : 0,
            "558" : 0,
            "559" : 0,
            "560" : 0,
            "561" : 0,
            "562" : 0,
            "563" : 0,
            "564" : 0,
            "565" : 0,
            "566" : 0,
            "567" : 0,
            "568" : 0,
            "569" : 0,
            "570" : 0,
            "571" : 0,
            "572" : 0,
            "573" : 0,
            "574" : 0,
            "575" : 0,
            "576" : 0,
            "577" : 0,
            "578" : 0,
            "579" : 0,
            "580" : 0,
            "581" : 0,
            "582" : 0,
            "583" : 0,
            "584" : 0,
            "585" : 0,
            "586" : 0,
            "587" : 0,
            "588" : 0,
            "589" : 0,
            "590" : 0,
            "591" : 0,
            "592" : 0,
            "593" : 0,
            "594" : 0,
            "595" : 0,
            "596" : 0,
            "597" : 0,
            "598" : 0,
            "599" : 0,
            "600" : 0,
            "601" : 0,
            "602" : 0,
            "603" : 0,
            "604" : 0,
            "605" : 0,
            "606" : 0,
            "607" : 0,
            "608" : 0,
            "609" : 0,
            "610" : 0,
            "611" : 0,
            "612" : 0,
            "613" : 0,
            "614" : 0,
            "615" : 0,
            "616" : 0,
            "617" : 0,
            "618" : 0,
            "619" : 0,
            "620" : 0,
            "621" : 0,
            "622" : 0,
            "623" : 0,
            "624" : 0,
            "625" : 0,
            "626" : 0,
            "627" : 0,
            "628" : 0,
            "629" : 0,
            "630" : 0,
            "631" : 0,
            "632" : 0,
            "633" : 0,
            "634" : 0,
            "635" : 0,
            "636" : 0,
            "637" : 0,
            "638" : 0,
            "639" : 0,
            "640" : 0,
            "641" : 0,
            "642" : 0,
            "643" : 0,
            "644" : 0,
            "645" : 0,
            "646" : 0,
            "647" : 0,
            "648" : 0,
            "649" : 0,
            "650" : 0,
            "651" : 0,
            "652" : 0,
            "653" : 0,
            "654" : 0,
            "655" : 0,
            "656" : 0,
            "657" : 0,
            "658" : 0,
            "659" : 0,
            "660" : 0,
            "661" : 0,
            "662" : 0,
            "663" : 0,
            "664" : 0,
            "665" : 0,
            "666" : 0,
            "667" : 0,
            "668" : 0,
            "669" : 0,
            "670" : 0,
            "671" : 0,
            "672" : 0,
            "673" : 0,
            "674" : 0,
            "675" : 0,
            "676" : 0,
            "677" : 0,
            "678" : 0,
            "679" : 0,
            "680" : 0,
            "681" : 0,
            "682" : 0,
            "683" : 0,
            "684" : 0,
            "685" : 0,
            "686" : 0,
            "687" : 0,
            "688" : 0,
            "689" : 0,
            "690" : 0,
            "691" : 0,
            "692" : 0,
            "693" : 0,
            "694" : 0,
            "695" : 0,
            "696" : 0,
            "697" : 0,
            "698" : 0,
            "699" : 0,
            "700" : 0,
            "701" : 0,
            "702" : 0,
            "703" : 0,
            "704" : 0,
            "705" : 0,
            "706" : 0,
            "707" : 0,
            "708" : 0,
            "709" : 0,
            "710" : 0,
            "711" : 0,
            "712" : 0,
            "713" : 0,
            "714" : 0,
            "715" : 0,
            "716" : 0,
            "717" : 0,
            "718" : 0,
            "719" : 0,
            "720" : 0,
            "721" : 0,
            "722" : 0,
            "723" : 0,
            "724" : 0,
            "725" : 0,
            "726" : 0,
            "727" : 0,
            "728" : 0,
            "729" : 0,
            "730" : 0,
            "731" : 0,
            "732" : 0,
            "733" : 0,
            "734" : 0,
            "735" : 0,
            "736" : 0,
            "737" : 0,
            "738" : 0,
            "739" : 0,
            "740" : 0,
            "741" : 0,
            "742" : 0,
            "743" : 0,
            "744" : 0,
            "745" : 0,
            "746" : 0,
            "747" : 0,
            "748" : 0,
            "749" : 0,
            "750" : 0,
            "751" : 0,
            "752" : 0,
            "753" : 0,
            "754" : 0,
            "755" : 0,
            "756" : 0,
            "757" : 0,
            "758" : 0,
            "759" : 0,
            "760" : 0,
            "761" : 0,
            "762" : 0,
            "763" : 0,
            "764" : 0,
            "765" : 0,
            "766" : 0,
            "767" : 0,
            "768" : 0,
            "769" : 0,
            "770" : 0,
            "771" : 0,
            "772" : 0,
            "773" : 0,
            "774" : 0,
            "775" : 0,
            "776" : 0,
            "777" : 0,
            "778" : 0,
            "779" : 0,
            "780" : 0,
            "781" : 0,
            "782" : 0,
            "783" : 0,
            "784" : 0,
            "785" : 0,
            "786" : 0,
            "787" : 0,
            "788" : 0,
            "789" : 0,
            "790" : 0,
            "791" : 0,
            "792" : 0,
            "793" : 0,
            "794" : 0,
            "795" : 0,
            "796" : 0,
            "797" : 0,
            "798" : 0,
            "799" : 0,
            "800" : 0,
            "801" : 0,
            "802" : 0,
            "803" : 0,
            "804" : 0,
            "805" : 0,
            "806" : 0,
            "807" : 0,
            "808" : 0,
            "809" : 0,
            "810" : 0,
            "811" : 0,
            "812" : 0,
            "813" : 0,
            "814" : 0,
            "815" : 0,
            "816" : 0,
            "817" : 0,
            "818" : 0,
            "819" : 0,
            "820" : 0,
            "821" : 0,
            "822" : 0,
            "823" : 0,
            "824" : 0,
            "825" : 0,
            "826" : 0,
            "827" : 0,
            "828" : 0,
            "829" : 0,
            "830" : 0,
            "831" : 0,
            "832" : 0,
            "833" : 0,
            "834" : 0,
            "835" : 0,
            "836" : 0,
            "837" : 0,
            "838" : 0,
            "839" : 0,
            "840" : 0,
            "841" : 0,
            "842" : 0,
            "843" : 0,
            "844" : 0,
            "845" : 0,
            "846" : 0,
            "847" : 0,
            "848" : 0,
            "849" : 0,
            "850" : 0,
            "851" : 0,
            "852" : 0,
            "853" : 0,
            "854" : 0,
            "855" : 0,
            "856" : 0,
            "857" : 0,
            "858" : 0,
            "859" : 0,
            "860" : 0,
            "861" : 0,
            "862" : 0,
            "863" : 0,
            "864" : 0,
            "865" : 0,
            "866" : 0,
            "867" : 0,
            "868" : 0,
            "869" : 0,
            "870" : 0,
            "871" : 0,
            "872" : 0,
            "873" : 0,
            "874" : 0,
            "875" : 0,
            "876" : 0,
            "877" : 0,
            "878" : 0,
            "879" : 0,
            "880" : 0,
            "881" : 0,
            "882" : 0,
            "883" : 0,
            "884" : 0,
            "885" : 0,
            "886" : 0,
            "887" : 0,
            "888" : 0,
            "889" : 0,
            "890" : 0,
            "891" : 0,
            "892" : 0,
            "893" : 0,
            "894" : 0,
            "895" : 0,
            "896" : 0,
            "897" : 0,
            "898" : 0,
            "899" : 0,
            "900" : 0,
            "901" : 0,
            "902" : 0,
            "903" : 0,
            "904" : 0,
            "905" : 0,
            "906" : 0,
            "907" : 0,
            "908" : 0,
            "909" : 0,
            "910" : 0,
            "911" : 0,
            "912" : 0,
            "913" : 0,
            "914" : 0,
            "915" : 0,
            "916" : 0,
            "917" : 0,
            "918" : 0,
            "919" : 0,
            "920" : 0,
            "921" : 0,
            "922" : 0,
            "923" : 0,
            "924" : 0,
            "925" : 0,
            "926" : 0,
            "927" : 0,
            "928" : 0,
            "929" : 0,
            "930" : 0,
            "931" : 0,
            "932" : 0,
            "933" : 0,
            "934" : 0,
            "935" : 0,
            "936" : 0,
            "937" : 0,
            "938" : 0,
            "939" : 0,
            "940" : 0,
            "941" : 0,
            "942" : 0,
            "943" : 0,
            "944" : 0,
            "945" : 0,
            "946" : 0,
            "947" : 0,
            "948" : 0,
            "949" : 0,
            "950" : 0,
            "951" : 0,
            "952" : 0,
            "953" : 0,
            "954" : 0,
            "955" : 0,
            "956" : 0,
            "957" : 0,
            "958" : 0,
            "959" : 0,
            "960" : 0,
            "961" : 0,
            "962" : 0,
            "963" : 0,
            "964" : 0,
            "965" : 0,
            "966" : 0,
            "967" : 0,
            "968" : 0,
            "969" : 0,
            "970" : 0,
            "971" : 0,
            "972" : 0,
            "973" : 0,
            "974" : 0,
            "975" : 0,
            "976" : 0,
            "977" : 0,
            "978" : 0,
            "979" : 0,
            "980" : 0,
            "981" : 0,
            "982" : 0,
            "983" : 0,
            "984" : 0,
            "985" : 0,
            "986" : 0,
            "987" : 0,
            "988" : 0,
            "989" : 0,
            "990" : 0,
            "991" : 0,
            "992" : 0,
            "993" : 0,
            "994" : 0,
            "995" : 0,
            "996" : 0,
            "997" : 0,
            "998" : 0,
            "999" : 0,
            "1000" : 0,
            "1001" : 0,
            "1002" : 0,
            "1003" : 0,
            "1004" : 0,
            "1005" : 0,
            "1006" : 0,
            "1007" : 0,
            "1008" : 0,
            "1009" : 0,
            "1010" : 0,
            "1011" : 0,
            "1012" : 0,
            "1013" : 0,
            "1014" : 0,
            "1015" : 0,
            "1016" : 0,
            "1017" : 0,
            "1018" : 0,
            "1019" : 0,
            "1020" : 0,
            "1021" : 0,
            "1022" : 0,
            "1023" : 0,
            "1024" : 0,
            "1025" : 0,
            "1026" : 0,
            "1027" : 0,
            "1028" : 0,
            "1029" : 0,
            "1030" : 0,
            "1031" : 0,
            "1032" : 0,
            "1033" : 0,
            "1034" : 0,
            "1035" : 0,
            "1036" : 0,
            "1037" : 0,
            "1038" : 0,
            "1039" : 0,
            "1040" : 0,
            "1041" : 0,
            "1042" : 0,
            "1043" : 0,
            "1044" : 0,
            "1045" : 0,
            "1046" : 0,
            "1047" : 0,
            "1048" : 0,
            "1049" : 0,
            "1050" : 0,
            "1051" : 0,
            "1052" : 0,
            "1053" : 0,
            "1054" : 0,
            "1055" : 0,
            "1056" : 0,
            "1057" : 0,
            "1058" : 0,
            "1059" : 0,
            "1060" : 0,
            "1061" : 0,
            "1062" : 0,
            "1063" : 0,
            "1064" : 0,
            "1065" : 0,
            "1066" : 0,
            "1067" : 0,
            "1068" : 0,
            "1069" : 0,
            "1070" : 0,
            "1071" : 0,
            "1072" : 0,
            "1073" : 0,
            "1074" : 0,
            "1075" : 0,
            "1076" : 0,
            "1077" : 0,
            "1078" : 0,
            "1079" : 0,
            "1080" : 0,
            "1081" : 0,
            "1082" : 0,
            "1083" : 0,
            "1084" : 0,
            "1085" : 0,
            "1086" : 0,
            "1087" : 0,
            "1088" : 0,
            "1089" : 0,
            "1090" : 0,
            "1091" : 0,
            "1092" : 0,
            "1093" : 0,
            "1094" : 0,
            "1095" : 0,
            "1096" : 0,
            "1097" : 0,
            "1098" : 0,
            "1099" : 0,
            "1100" : 0,
            "1101" : 0,
            "1102" : 0,
            "1103" : 0,
            "1104" : 0,
            "1105" : 0,
            "1106" : 0,
            "1107" : 0,
            "1108" : 0,
            "1109" : 0,
            "1110" : 0,
            "1111" : 0,
            "1112" : 0,
            "1113" : 0,
            "1114" : 0,
            "1115" : 0,
            "1116" : 0,
            "1117" : 0,
            "1118" : 0,
            "1119" : 0,
            "1120" : 0,
            "1121" : 0,
            "1122" : 0,
            "1123" : 0,
            "1124" : 0,
            "1125" : 0,
            "1126" : 0,
            "1127" : 0,
            "1128" : 0,
            "1129" : 0,
            "1130" : 0,
            "1131" : 0,
            "1132" : 0,
            "1133" : 0,
            "1134" : 0,
            "1135" : 0,
            "1136" : 0,
            "1137" : 0,
            "1138" : 0,
            "1139" : 0,
            "1140" : 0,
            "1141" : 0,
            "1142" : 0,
            "1143" : 0,
            "1144" : 0,
            "1145" : 0,
            "1146" : 0,
            "1147" : 0,
            "1148" : 0,
            "1149" : 0,
            "1150" : 0,
            "1151" : 0,
            "1152" : 0,
            "1153" : 0,
            "1154" : 0,
            "1155" : 0,
            "1156" : 0,
            "1157" : 0,
            "1158" : 0,
            "1159" : 0,
            "1160" : 0,
            "1161" : 0,
            "1162" : 0,
            "1163" : 0,
            "1164" : 0,
            "1165" : 0,
            "1166" : 0,
            "1167" : 0,
            "1168" : 0,
            "1169" : 0,
            "1170" : 0,
            "1171" : 0,
            "1172" : 0,
            "1173" : 0,
            "1174" : 0,
            "1175" : 0,
            "1176" : 0,
            "1177" : 0,
            "1178" : 0,
            "1179" : 0,
            "1180" : 0,
            "1181" : 0,
            "1182" : 0,
            "1183" : 0,
            "1184" : 0,
            "1185" : 0,
            "1186" : 0,
            "1187" : 0,
            "1188" : 0,
            "1189" : 0,
            "1190" : 0,
            "1191" : 0,
            "1192" : 0,
            "1193" : 0,
            "1194" : 0,
            "1195" : 0,
            "1196" : 0,
            "1197" : 0,
            "1198" : 0,
            "1199" : 0,
            "1200" : 0,
            "1201" : 0,
            "1202" : 0,
            "1203" : 0,
            "1204" : 0,
            "1205" : 0,
            "1206" : 0,
            "1207" : 0,
            "1208" : 0,
            "1209" : 0,
            "1210" : 0,
            "1211" : 0,
            "1212" : 0,
            "1213" : 0,
            "1214" : 0,
            "1215" : 0,
            "FIO_IO_U_PLAT_BITS" : 6,
            "FIO_IO_U_PLAT_VAL" : 64,
            "FIO_IO_U_PLAT_NR" : 1216
          }
        },
        "lat" : {
          "min" : 0,
          "max" : 0,
          "mean" : 0.00,
          "stddev" : 0.00
        },
        "bw_min" : 0,
        "bw_max" : 0,
        "bw_agg" : 0.00,
        "bw_mean" : 0.00,
        "bw_dev" : 0.00
      },
      "usr_cpu" : 3.96,
      "sys_cpu" : 8.48,
      "ctx" : 7263721,
      "majf" : 0,
      "minf" : 1,
      "iodepth_level" : {
        "1" : 0.10,
        "2" : 0.10,
        "4" : 0.10,
        "8" : 100.00,
        "16" : 0.00,
        "32" : 0.00,
        ">=64" : 0.00
      },
      "latency_us" : {
        "2" : 0.00,
        "4" : 0.00,
        "10" : 0.00,
        "20" : 0.00,
        "50" : 0.00,
        "100" : 0.00,
        "250" : 2.40,
        "500" : 10.43,
        "750" : 35.49,
        "1000" : 29.84
      },
      "latency_ms" : {
        "2" : 19.64,
        "4" : 1.10,
        "10" : 1.05,
        "20" : 0.05,
        "50" : 0.01,
        "100" : 0.01,
        "250" : 0.01,
        "500" : 0.00,
        "750" : 0.00,
        "1000" : 0.00,
        "2000" : 0.00,
        ">=2000" : 0.00
      },
      "latency_depth" : 8,
      "latency_target" : 0,
      "latency_percentile" : 100.00,
      "latency_window" : 0
    }
  ],
  "disk_util" : [
    {
      "name" : "xvdi",
      "read_ios" : 5787881,
      "write_ios" : 2479860,
      "read_merges" : 0,
      "write_merges" : 0,
      "read_ticks" : 3866888,
      "write_ticks" : 3290220,
      "in_queue" : 7157104,
      "util" : 100.00
    }
  ]
}
